::1 - - [02/Nov/2021:20:42:13 +0000] "POST /user/register HTTP/1.1" 500 21 "-" "PostmanRuntime/7.28.4"
::1 - - [02/Nov/2021:20:44:17 +0000] "POST /user/register HTTP/1.1" 403 14 "-" "PostmanRuntime/7.28.4"
::1 - - [02/Nov/2021:20:44:33 +0000] "POST /user/register HTTP/1.1" 403 14 "-" "PostmanRuntime/7.28.4"
::1 - - [02/Nov/2021:20:44:36 +0000] "POST /user/register HTTP/1.1" 403 14 "-" "PostmanRuntime/7.28.4"
::1 - - [02/Nov/2021:20:47:22 +0000] "POST /user/register HTTP/1.1" 201 96 "-" "PostmanRuntime/7.28.4"
::1 - - [02/Nov/2021:20:47:46 +0000] "POST /user/login HTTP/1.1" 200 172 "-" "PostmanRuntime/7.28.4"
::1 - - [02/Nov/2021:20:50:26 +0000] "GET /user HTTP/1.1" 500 21 "-" "PostmanRuntime/7.28.4"
::1 - - [02/Nov/2021:20:50:44 +0000] "GET /user HTTP/1.1" 500 21 "-" "PostmanRuntime/7.28.4"
::1 - - [02/Nov/2021:20:50:45 +0000] "GET /user HTTP/1.1" 500 21 "-" "PostmanRuntime/7.28.4"
::1 - - [02/Nov/2021:20:50:49 +0000] "GET /user HTTP/1.1" 500 21 "-" "PostmanRuntime/7.28.4"
::1 - - [02/Nov/2021:20:51:02 +0000] "GET /user HTTP/1.1" 500 21 "-" "PostmanRuntime/7.28.4"
::1 - - [02/Nov/2021:20:51:21 +0000] "GET /user HTTP/1.1" 500 21 "-" "PostmanRuntime/7.28.4"
::1 - - [02/Nov/2021:20:52:23 +0000] "GET /user HTTP/1.1" 500 21 "-" "PostmanRuntime/7.28.4"
::1 - - [02/Nov/2021:20:52:50 +0000] "GET /user HTTP/1.1" 500 21 "-" "PostmanRuntime/7.28.4"
::1 - - [02/Nov/2021:20:53:18 +0000] "GET /user HTTP/1.1" 500 21 "-" "PostmanRuntime/7.28.4"
::1 - - [02/Nov/2021:20:54:26 +0000] "GET /user HTTP/1.1" 200 31 "-" "PostmanRuntime/7.28.4"
::1 - - [02/Nov/2021:20:54:44 +0000] "GET /user HTTP/1.1" 200 57 "-" "PostmanRuntime/7.28.4"
::1 - - [02/Nov/2021:21:12:18 +0000] "POST /atm/create HTTP/1.1" 401 28 "-" "PostmanRuntime/7.28.4"
::1 - - [02/Nov/2021:21:12:35 +0000] "POST /user/login HTTP/1.1" 200 172 "-" "PostmanRuntime/7.28.4"
::1 - - [02/Nov/2021:21:12:43 +0000] "POST /atm/create HTTP/1.1" 500 21 "-" "PostmanRuntime/7.28.4"
::1 - - [02/Nov/2021:21:13:42 +0000] "POST /user/register HTTP/1.1" 403 14 "-" "PostmanRuntime/7.28.4"
::1 - - [02/Nov/2021:21:15:10 +0000] "GET /user HTTP/1.1" 200 90 "-" "PostmanRuntime/7.28.4"
::1 - - [02/Nov/2021:21:15:32 +0000] "POST /atm/create HTTP/1.1" 200 25 "-" "PostmanRuntime/7.28.4"
::1 - - [02/Nov/2021:21:16:16 +0000] "GET /atm/ HTTP/1.1" 403 30 "-" "PostmanRuntime/7.28.4"
::1 - - [02/Nov/2021:21:16:35 +0000] "GET /atm/ HTTP/1.1" 200 258 "-" "PostmanRuntime/7.28.4"
::1 - - [02/Nov/2021:21:18:08 +0000] "GET /atm/6181a3da7a82401f5cac367b HTTP/1.1" 200 0 "-" "PostmanRuntime/7.28.4"
::1 - - [02/Nov/2021:21:18:22 +0000] "GET /atm/6181a3da7a82401f5cac367b HTTP/1.1" 200 0 "-" "PostmanRuntime/7.28.4"
::1 - - [02/Nov/2021:21:18:28 +0000] "GET /atm/ HTTP/1.1" 200 258 "-" "PostmanRuntime/7.28.4"
::1 - - [02/Nov/2021:21:19:17 +0000] "GET /atm/6181a3da7a82401f5cac367b HTTP/1.1" 200 0 "-" "PostmanRuntime/7.28.4"
::1 - - [02/Nov/2021:21:19:36 +0000] "GET /atm/6181a3da7a82401f5cac367b HTTP/1.1" 200 0 "-" "PostmanRuntime/7.28.4"
::1 - - [02/Nov/2021:21:20:23 +0000] "GET /atm/6181a3da7a82401f5cac367b HTTP/1.1" 200 0 "-" "PostmanRuntime/7.28.4"
::1 - - [02/Nov/2021:21:20:24 +0000] "GET /atm/6181a3da7a82401f5cac367b HTTP/1.1" 200 0 "-" "PostmanRuntime/7.28.4"
::1 - - [02/Nov/2021:21:20:51 +0000] "GET /atm/6181a3da7a82401f5cac367b HTTP/1.1" 200 0 "-" "PostmanRuntime/7.28.4"
::1 - - [02/Nov/2021:21:20:52 +0000] "GET /atm/6181a3da7a82401f5cac367b HTTP/1.1" 200 0 "-" "PostmanRuntime/7.28.4"
::1 - - [02/Nov/2021:21:21:13 +0000] "GET /atm/6181a3da7a82401f5cac367b HTTP/1.1" 200 0 "-" "PostmanRuntime/7.28.4"
::1 - - [02/Nov/2021:21:21:42 +0000] "GET /atm/6181a3da7a82401f5cac367b HTTP/1.1" 200 0 "-" "PostmanRuntime/7.28.4"
::1 - - [02/Nov/2021:21:22:32 +0000] "GET /atm/6181a3da7a82401f5cac367b HTTP/1.1" 200 0 "-" "PostmanRuntime/7.28.4"
::1 - - [02/Nov/2021:21:23:31 +0000] "GET /atm/6181a3da7a82401f5cac367b HTTP/1.1" 403 13 "-" "PostmanRuntime/7.28.4"
::1 - - [02/Nov/2021:21:24:01 +0000] "GET /atm/userid/6181a3da7a82401f5cac367b HTTP/1.1" 200 291 "-" "PostmanRuntime/7.28.4"
::1 - - [02/Nov/2021:21:24:36 +0000] "GET /atm/userid/6181a3da7a82401f5cac367b HTTP/1.1" 200 250 "-" "PostmanRuntime/7.28.4"
::1 - - [02/Nov/2021:21:28:11 +0000] "GET /atm/userid/6181a3da7a82401f5cac367b HTTP/1.1" 200 283 "-" "PostmanRuntime/7.28.4"
::1 - - [02/Nov/2021:21:28:21 +0000] "POST /review HTTP/1.1" 200 25 "-" "PostmanRuntime/7.28.4"
::1 - - [02/Nov/2021:21:28:52 +0000] "GET /review HTTP/1.1" 403 30 "-" "PostmanRuntime/7.28.4"
::1 - - [02/Nov/2021:21:29:17 +0000] "GET /review HTTP/1.1" 404 14 "-" "PostmanRuntime/7.28.4"
::1 - - [02/Nov/2021:21:30:17 +0000] "GET /review HTTP/1.1" 404 14 "-" "PostmanRuntime/7.28.4"
::1 - - [02/Nov/2021:21:30:18 +0000] "GET /review HTTP/1.1" 404 14 "-" "PostmanRuntime/7.28.4"
::1 - - [02/Nov/2021:21:31:48 +0000] "GET /review HTTP/1.1" 200 243 "-" "PostmanRuntime/7.28.4"
::1 - - [02/Nov/2021:21:33:22 +0000] "GET /review/6181aa7405f66f228c1717d3/6181a3da7a82401f5cac367b HTTP/1.1" 200 245 "-" "PostmanRuntime/7.28.4"
